<?xml version="1.0" encoding="UTF-8"?>
<!-- Generated by org.testng.reporters.JUnitReportReporter -->
<testsuite skipped="0" hostname="DESKTOP-CTRD12V" name="com.Tests.HomePageTestCase" tests="4" failures="0" timestamp="07 Jul 2018 13:36:25 GMT" time="138.814" errors="1">
  <testcase name="VerifyUserLogin" time="5.584" classname="com.Tests.HomePageTestCase"/>
  <testcase name="verifyHomePage" time="2.008" classname="com.Tests.HomePageTestCase"/>
  <testcase name="VerifyElectronics" time="46.358" classname="com.Tests.HomePageTestCase">
    <error type="org.openqa.selenium.WebDriverException" message="Element is not clickable at point (118, 77.80000305175781). Other element would receive the click: &lt;div tabindex=&quot;-1&quot; class=&quot;_2ISNhP _3AOFWO&quot;&gt;&lt;/div&gt;
Command duration or timeout: 2.24 seconds
Build info: version: &#039;2.49.0&#039;, revision: &#039;365eeb4&#039;, time: &#039;2016-01-13 18:33:29&#039;
System info: host: &#039;DESKTOP-CTRD12V&#039;, ip: &#039;192.168.43.53&#039;, os.name: &#039;Windows 10&#039;, os.arch: &#039;amd64&#039;, os.version: &#039;10.0&#039;, java.version: &#039;1.8.0_151&#039;
Driver info: org.openqa.selenium.firefox.FirefoxDriver
Capabilities [{applicationCacheEnabled=true, rotatable=false, handlesAlerts=true, databaseEnabled=true, version=40.0, platform=WINDOWS, nativeEvents=false, acceptSslCerts=true, webStorageEnabled=true, locationContextEnabled=true, browserName=firefox, takesScreenshot=true, javascriptEnabled=true, cssSelectorsEnabled=true}]
Session ID: 57b514cb-5e32-45f4-9b6e-a7ffa7a560c2">
      <![CDATA[org.openqa.selenium.WebDriverException: Element is not clickable at point (118, 77.80000305175781). Other element would receive the click: <div tabindex="-1" class="_2ISNhP _3AOFWO"></div>Command duration or timeout: 2.24 secondsBuild info: version: '2.49.0', revision: '365eeb4', time: '2016-01-13 18:33:29'System info: host: 'DESKTOP-CTRD12V', ip: '192.168.43.53', os.name: 'Windows 10', os.arch: 'amd64', os.version: '10.0', java.version: '1.8.0_151'Driver info: org.openqa.selenium.firefox.FirefoxDriverCapabilities [{applicationCacheEnabled=true, rotatable=false, handlesAlerts=true, databaseEnabled=true, version=40.0, platform=WINDOWS, nativeEvents=false, acceptSslCerts=true, webStorageEnabled=true, locationContextEnabled=true, browserName=firefox, takesScreenshot=true, javascriptEnabled=true, cssSelectorsEnabled=true}]Session ID: 57b514cb-5e32-45f4-9b6e-a7ffa7a560c2at sun.reflect.NativeConstructorAccessorImpl.newInstance0(Native Method)at sun.reflect.NativeConstructorAccessorImpl.newInstance(Unknown Source)at sun.reflect.DelegatingConstructorAccessorImpl.newInstance(Unknown Source)at java.lang.reflect.Constructor.newInstance(Unknown Source)at org.openqa.selenium.remote.ErrorHandler.createThrowable(ErrorHandler.java:206)at org.openqa.selenium.remote.ErrorHandler.throwIfResponseFailed(ErrorHandler.java:158)at org.openqa.selenium.remote.RemoteWebDriver.execute(RemoteWebDriver.java:678)at org.openqa.selenium.remote.RemoteWebElement.execute(RemoteWebElement.java:327)at org.openqa.selenium.remote.RemoteWebElement.click(RemoteWebElement.java:85)at com.Pages.HomePage.NavigateToMobiles(HomePage.java:37)at com.Tests.HomePageTestCase.VerifyElectronics(HomePageTestCase.java:30)at sun.reflect.NativeMethodAccessorImpl.invoke0(Native Method)at sun.reflect.NativeMethodAccessorImpl.invoke(Unknown Source)at sun.reflect.DelegatingMethodAccessorImpl.invoke(Unknown Source)at java.lang.reflect.Method.invoke(Unknown Source)at org.testng.internal.MethodInvocationHelper.invokeMethod(MethodInvocationHelper.java:124)at org.testng.internal.Invoker.invokeMethod(Invoker.java:571)at org.testng.internal.Invoker.invokeTestMethod(Invoker.java:707)at org.testng.internal.Invoker.invokeTestMethods(Invoker.java:979)at org.testng.internal.TestMethodWorker.invokeTestMethods(TestMethodWorker.java:125)at org.testng.internal.TestMethodWorker.run(TestMethodWorker.java:109)at org.testng.TestRunner.privateRun(TestRunner.java:648)at org.testng.TestRunner.run(TestRunner.java:505)at org.testng.SuiteRunner.runTest(SuiteRunner.java:455)at org.testng.SuiteRunner.runSequentially(SuiteRunner.java:450)at org.testng.SuiteRunner.privateRun(SuiteRunner.java:415)at org.testng.SuiteRunner.run(SuiteRunner.java:364)at org.testng.SuiteRunnerWorker.runSuite(SuiteRunnerWorker.java:52)at org.testng.SuiteRunnerWorker.run(SuiteRunnerWorker.java:84)at org.testng.TestNG.runSuitesSequentially(TestNG.java:1187)at org.testng.TestNG.runSuitesLocally(TestNG.java:1116)at org.testng.TestNG.runSuites(TestNG.java:1028)at org.testng.TestNG.run(TestNG.java:996)at org.testng.remote.AbstractRemoteTestNG.run(AbstractRemoteTestNG.java:114)at org.testng.remote.RemoteTestNG.initAndRun(RemoteTestNG.java:251)at org.testng.remote.RemoteTestNG.main(RemoteTestNG.java:77)]]>
    </error>
  </testcase> <!-- VerifyElectronics -->
  <testcase name="setUpApplication" time="84.864" classname="com.Tests.HomePageTestCase"/>
</testsuite> <!-- com.Tests.HomePageTestCase -->
